"../../../../../Unreal project/Grid_Test/Content/Materials/Desert.uasset" 0
"../../../../../Unreal project/Grid_Test/Content/Materials/Sand.uasset" 1
"../../../../../Unreal project/Grid_Test/Content/Color2.uasset" 2
"../../../../../Unreal project/Grid_Test/Content/HexTile_mesh.uasset" 3
"../../../../../Unreal project/Grid_Test/Content/Blueprints/MainGameInstance.uasset" 4
"../../../../../Unreal project/Grid_Test/Content/UI/Tile_information.uasset" 5
"../../../../../Unreal project/Grid_Test/Content/Materials/Pure_White.uasset" 6
"../../../../../Unreal project/Grid_Test/Content/Meshes/Hex.uasset" 7
"../../../../../Unreal project/Grid_Test/Content/Materials/Snowy_tundra.uasset" 8
"../../../../../Unreal project/Grid_Test/Content/Materials/Rocky_Mountains.uasset" 9
"../../../../../Unreal project/Grid_Test/Content/Materials/Lake.uasset" 10
"../../../../../Unreal project/Grid_Test/Content/Materials/Hills.uasset" 11
"../../../../../Unreal project/Grid_Test/Content/Materials/Grasslands.uasset" 12
"../../../../../Unreal project/Grid_Test/Content/Materials/Forest.uasset" 13
"../../../../../Unreal project/Grid_Test/Content/Materials/Deep_sea.uasset" 14
"../../../../../Unreal project/Grid_Test/Content/Tile/Hex_Actor.uasset" 15
"../../../../../Unreal project/Grid_Test/Content/Hex_Actor.uasset" 16
"../../../../../Unreal project/Grid_Test/Content/Materials/lambert2.uasset" 17
"../../../../../Unreal project/Grid_Test/Content/lambert2.uasset" 18
"../../../../../Unreal project/Grid_Test/Content/Characters_and_Controllers/MainGameCharacter.uasset" 19
"../../../../../Unreal project/Grid_Test/Content/Characters_and_Controllers/TopDownCharacter.uasset" 20
"../../../../../Unreal project/Grid_Test/Content/Characters_and_Controllers/MainGameChr.uasset" 21
"../../../../../Unreal project/Grid_Test/Content/MainGameChr.uasset" 22
"../../../../../Unreal project/Grid_Test/Content/Characters_and_Controllers/MainGameCharController.uasset" 23
"../../../../../Unreal project/Grid_Test/Content/Characters_and_Controllers/TopDownController.uasset" 24
"../../../../../Unreal project/Grid_Test/Content/Characters_and_Controllers/MainGameController.uasset" 25
"../../../../../Unreal project/Grid_Test/Content/MainGameController.uasset" 26
"../../../../../Unreal project/Grid_Test/Content/Materials/Background.uasset" 27
"../../../../../Unreal project/Grid_Test/Content/UI/UI_Main_Menu.uasset" 28
"../../../../../Unreal project/Grid_Test/Content/Characters_and_Controllers/MainMenuChar.uasset" 29
"../../../../../Unreal project/Grid_Test/Content/MainMenuChar.uasset" 30
"../../../../../Unreal project/Grid_Test/Content/Main_level.uasset" 31
"../../../../../Unreal project/Grid_Test/Content/Levels/Main_level_BuiltData.uasset" 32
"../../../../../Unreal project/Grid_Test/Content/Main_level_BuiltData.uasset" 33
"../../../../../Unreal project/Grid_Test/Content/Main_Menu.uasset" 34
"../../../../../Unreal project/Grid_Test/Content/Levels/Main_Menu_BuiltData.uasset" 35
"../../../../../Unreal project/Grid_Test/Content/Main_Menu_BuiltData.uasset" 36
"../../../../../Unreal project/Grid_Test/Content/Materials/resized-image-Promo.uasset" 37
"../../../../../Unreal project/Grid_Test/Content/resized-image-Promo.uasset" 38
"../../../../../Unreal project/Grid_Test/Content/TopDownCharacter.uasset" 39
"../../../../../Unreal project/Grid_Test/Content/TopDownController.uasset" 40
"../../../../../Unreal project/Grid_Test/Content/UI/UI_Pause_Menu.uasset" 41
"../../../../../Unreal project/Grid_Test/Content/UI/UI_Main.uasset" 42
"../../../../../Unreal project/Grid_Test/Content/UI_Main.uasset" 43
"../../../../../Unreal project/Grid_Test/Content/UI_Main_Menu.uasset" 44
"../../../../../Unreal project/Grid_Test/Content/Materials/Color2.uasset" 45
"../../../../../Unreal project/Grid_Test/Content/Materials/Green.uasset" 46
"../../../../../Unreal project/Grid_Test/Content/Materials/Swamp.uasset" 47
"../../../../../Unreal project/Grid_Test/Content/Materials/Puke.uasset" 48
"../../../../../Unreal project/Grid_Test/Content/Materials/Rock.uasset" 49
"../../../Engine/Content/EngineMaterials/T_Default_Material_Grid_N.uasset" 50
"../../../Engine/Content/EngineMaterials/T_Default_Material_Grid_M.uasset" 51
"../../../Engine/Content/Functions/Engine_MaterialFunctions01/Opacity/CameraDepthFade.uasset" 52
"../../../Engine/Content/EngineMaterials/WorldGridMaterial.uasset" 53
"../../../Engine/Content/ArtTools/RenderToTexture/Meshes/S_1_Unit_Plane.uasset" 54
"../../../Engine/Content/EngineMaterials/DefaultMaterial.uasset" 55
"../../../Engine/Content/BasicShapes/Cone.uasset" 56
"../../../Engine/Content/BasicShapes/Cube.uasset" 57
"../../../Engine/Content/BasicShapes/Plane.uasset" 58
"../../../Engine/Content/BasicShapes/Sphere.uasset" 59
"../../../Engine/Content/EditorLandscapeResources/DataLayer.uasset" 60
"../../../Engine/Content/EditorLandscapeResources/DefaultAlphaTexture.uasset" 61
"../../../Engine/Content/EditorMaterials/MAT_Groups_Toggle.uasset" 62
"../../../Engine/Content/EditorMaterials/MAT_Groups_Visibility.uasset" 63
"../../../Engine/Content/EditorMaterials/PreviewShadowIndicator.uasset" 64
"../../../Engine/Content/EditorMaterials/PreviewShadowIndicatorMaterial.uasset" 65
"../../../Engine/Content/EditorMaterials/MatineeGroups/MAT_ColorTrack.uasset" 66
"../../../Engine/Content/EditorMaterials/MatineeGroups/MAT_Groups_Anim.uasset" 67
"../../../Engine/Content/EditorMaterials/MatineeGroups/MAT_Groups_AudioMaster.uasset" 68
"../../../Engine/Content/EditorMaterials/MatineeGroups/MAT_Groups_Director.uasset" 69
"../../../Engine/Content/EditorMaterials/MatineeGroups/MAT_Groups_Event.uasset" 70
"../../../Engine/Content/EditorMaterials/MatineeGroups/MAT_Groups_Fade.uasset" 71
"../../../Engine/Content/EditorMaterials/MatineeGroups/MAT_Groups_Float.uasset" 72
"../../../Engine/Content/EditorMaterials/MatineeGroups/MAT_Groups_Move.uasset" 73
"../../../Engine/Content/EditorMaterials/MatineeGroups/MAT_Groups_Slomo.uasset" 74
"../../../Engine/Content/EditorMaterials/MatineeGroups/MAT_Groups_Sound.uasset" 75
"../../../Engine/Content/EditorMaterials/MatineeGroups/MAT_Groups_Vector.uasset" 76
"../../../Engine/Content/EditorMaterials/ParticleSystems/PSysThumbnail_NoImage.uasset" 77
"../../../Engine/Content/EditorMaterials/ParticleSystems/PSysThumbnail_OOD.uasset" 78
"../../../Engine/Content/EditorMaterials/Camera/CineMat.uasset" 79
"../../../Engine/Content/EditorMaterials/Camera/MI_CineMat_Rig.uasset" 80
"../../../Engine/Content/EditorMeshes/Camera/SM_CraneRig_Arm.uasset" 81
"../../../Engine/Content/EditorMeshes/Camera/SM_CraneRig_Base.uasset" 82
"../../../Engine/Content/EditorMeshes/Camera/SM_CraneRig_Body.uasset" 83
"../../../Engine/Content/EditorMeshes/Camera/SM_CraneRig_Mount.uasset" 84
"../../../Engine/Content/EditorMeshes/Camera/SM_RailRig_Mount.uasset" 85
"../../../Engine/Content/EditorMeshes/Camera/SM_RailRig_Track.uasset" 86
"../../../Engine/Content/EditorResources/BSPVertex.uasset" 87
"../../../Engine/Content/EditorResources/EmptyActor.uasset" 88
"../../../Engine/Content/EditorResources/S_Actor.uasset" 89
"../../../Engine/Content/EditorResources/S_Note.uasset" 90
"../../../Engine/Content/EditorResources/S_Solver.uasset" 91
"../../../Engine/Content/EditorResources/S_Terrain.uasset" 92
"../../../Engine/Content/EditorResources/S_Trigger.uasset" 93
"../../../Engine/Content/EditorResources/LightIcons/S_LightError.uasset" 94
"../../../Engine/Content/EditorResources/SequenceRecorder/Countdown.uasset" 95
"../../../Engine/Content/EditorResources/SequenceRecorder/RecordingIndicator.uasset" 96
"../../../Engine/Content/EngineDamageTypes/DmgTypeBP_Environmental.uasset" 97
"../../../Engine/Content/EngineDebugMaterials/DebugEditorMaterial.uasset" 98
"../../../Engine/Content/EngineDebugMaterials/DebugMeshMaterial.uasset" 99
"../../../Engine/Content/EngineDebugMaterials/M_SimpleUnlitTranslucent.uasset" 100
"../../../Engine/Content/EngineDebugMaterials/VolumeToRender.uasset" 101
"../../../Engine/Content/Functions/Engine_MaterialFunctions02/Utility/CameraDirectionVector.uasset" 102
"../../../Engine/Content/EngineDebugMaterials/M_VolumeRenderSphereTracePP.uasset" 103
"../../../Engine/Content/Functions/Engine_MaterialFunctions01/Shading/ConvertFromDiffSpec.uasset" 104
"../../../Engine/Content/EngineDebugMaterials/VertexColorMaterial.uasset" 105
"../../../Engine/Content/EngineDebugMaterials/WireframeMaterial.uasset" 106
"../../../Engine/Content/EngineFonts/Faces/RobotoRegular.uasset" 107
"../../../Engine/Content/EngineFonts/Faces/RobotoLight.uasset" 108
"../../../Engine/Content/EngineFonts/Faces/RobotoItalic.uasset" 109
"../../../Engine/Content/EngineFonts/Faces/RobotoBoldItalic.uasset" 110
"../../../Engine/Content/EngineFonts/Faces/RobotoBold.uasset" 111
"../../../Engine/Content/EngineFonts/Faces/DroidSansFallback.uasset" 112
"../../../Engine/Content/EngineFonts/Roboto.uasset" 113
"../../../Engine/Content/EngineMaterials/BaseFlattenNormalMap.uasset" 114
"../../../Engine/Content/EngineMaterials/BaseFlattenGrayscaleMap.uasset" 115
"../../../Engine/Content/EngineMaterials/BaseFlattenEmissiveMap.uasset" 116
"../../../Engine/Content/EngineMaterials/BaseFlattenDiffuseMap.uasset" 117
"../../../Engine/Content/EngineMaterials/BaseFlattenMaterial.uasset" 118
"../../../Engine/Content/EngineMaterials/BlueNoise.uasset" 119
"../../../Engine/Content/EngineMaterials/DefaultBloomKernel.uasset" 120
"../../../Engine/Content/EngineMaterials/DefaultBokeh.uasset" 121
"../../../Engine/Content/EngineMaterials/DefaultDiffuse.uasset" 122
"../../../Engine/Content/EngineMaterials/DefaultDeferredDecalMaterial.uasset" 123
"../../../Engine/Content/EngineMaterials/DefaultLightFunctionMaterial.uasset" 124
"../../../Engine/Content/EngineMaterials/DefaultPhysicalMaterial.uasset" 125
"../../../Engine/Content/Functions/Engine_MaterialFunctions02/Utility/BreakOutFloat2Components.uasset" 126
"../../../Engine/Content/EngineMaterials/DefaultPostProcessMaterial.uasset" 127
"../../../Engine/Content/EngineFonts/RobotoDistanceField.uasset" 128
"../../../Engine/Content/EngineMaterials/DefaultTextMaterialOpaque.uasset" 129
"../../../Engine/Content/EngineMaterials/DefaultWhiteGrid.uasset" 130
"../../../Engine/Content/EngineMaterials/DefaultWhiteGrid_Low.uasset" 131
"../../../Engine/Content/EngineMaterials/EmissiveMeshMaterial.uasset" 132
"../../../Engine/Content/EngineMaterials/GizmoMaterial.uasset" 133
"../../../Engine/Content/EngineMaterials/Good64x64TilingNoiseHighFreq.uasset" 134
"../../../Engine/Content/EngineMaterials/MiniFont.uasset" 135
"../../../Engine/Content/EngineMaterials/InvalidLightmapSettings.uasset" 136
"../../../Engine/Content/EngineMaterials/M_InvalidLightmapSettings.uasset" 137
"../../../Engine/Content/Functions/Engine_MaterialFunctions02/WorldPositionOffset/CameraOffset.uasset" 138
"../../../Engine/Content/EngineMaterials/PhAT_JointLimitMaterial.uasset" 139
"../../../Engine/Content/EngineMaterials/PreintegratedSkinBRDF.uasset" 140
"../../../Engine/Content/EngineMaterials/RemoveSurfaceMaterial.uasset" 141
"../../../Engine/Content/EngineMaterials/WeightMapPlaceholderTexture.uasset" 142
"../../../Engine/Content/EngineResources/WhiteSquareTexture.uasset" 143
"../../../Engine/Content/EngineMaterials/Widget3DPassThrough.uasset" 144
"../../../Engine/Content/EngineMaterials/Widget3DPassThrough_Masked.uasset" 145
"../../../Engine/Content/EngineMaterials/Widget3DPassThrough_Opaque.uasset" 146
"../../../Engine/Content/EngineMaterials/Widget3DPassThrough_Masked_OneSided.uasset" 147
"../../../Engine/Content/EngineMaterials/Widget3DPassThrough_Opaque_OneSided.uasset" 148
"../../../Engine/Content/EngineMaterials/Widget3DPassThrough_Translucent.uasset" 149
"../../../Engine/Content/EngineMaterials/Widget3DPassThrough_Translucent_OneSided.uasset" 150
"../../../Engine/Content/EngineMeshes/Cylinder.uasset" 151
"../../../Engine/Content/EngineMeshes/Sphere.uasset" 152
"../../../Engine/Content/EngineResources/Black.uasset" 153
"../../../Engine/Content/EngineResources/DefaultTextureCube.uasset" 154
"../../../Engine/Content/EngineResources/DefaultVolumeTexture2D.uasset" 155
"../../../Engine/Content/EngineResources/DefaultVolumeTexture.uasset" 156
"../../../Engine/Content/EngineResources/GradientTexture0.uasset" 157
"../../../Engine/Content/EngineSky/VolumetricClouds/T_NoiseShape64.uasset" 158
"../../../Engine/Content/EngineSky/VolumetricClouds/T_VolumeNoiseShape64.uasset" 159
"../../../Engine/Content/EngineSky/VolumetricClouds/T_NoiseErosion.uasset" 160
"../../../Engine/Content/EngineSky/VolumetricClouds/T_VolumeNoiseErosion32.uasset" 161
"../../../Engine/Content/EngineSky/VolumetricClouds/CloudWeatherTexture.uasset" 162
"../../../Engine/Content/EngineSky/VolumetricClouds/CloudGradientTexture.uasset" 163
"../../../Engine/Content/Functions/Engine_MaterialFunctions02/Utility/MakeFloat2.uasset" 164
"../../../Engine/Content/EngineSky/VolumetricClouds/m_SimpleVolumetricCloud.uasset" 165
"../../../Engine/Content/EngineSky/VolumetricClouds/m_SimpleVolumetricCloud_Inst.uasset" 166
"../../../Engine/Content/EngineSounds/Master.uasset" 167
"../../../Engine/Content/Functions/Engine_MaterialFunctions01/Shading/PowerToRoughness.uasset" 168
"../../../Engine/Content/Maps/Templates/Thumbnails/Default.uasset" 169
"../../../Engine/Content/Maps/Templates/Thumbnails/TimeOfDay.uasset" 170
"../../../Engine/Content/Maps/Templates/Thumbnails/VR-Basic.uasset" 171
"../../../Engine/Content/MobileResources/T_MobileControls_texture.uasset" 172
"../../../Engine/Content/MobileResources/T_MobileMenu2.uasset" 173
"../../../Engine/Content/MobileResources/HUD/AnalogHat.uasset" 174
"../../../Engine/Content/MobileResources/HUD/VirtualJoystick_Thumb.uasset" 175
"../../../Engine/Content/MobileResources/HUD/VirtualJoystick_Background.uasset" 176
"../../../Engine/Content/MobileResources/HUD/DefaultVirtualJoysticks.uasset" 177
"../../../Engine/Content/MobileResources/HUD/LeftVirtualJoystickOnly.uasset" 178
"../../../Engine/Content/MobileResources/HUD/MobileHUDButton1_off.uasset" 179
"../../../Engine/Content/MobileResources/HUD/MobileHUDButton1_on.uasset" 180
"../../../Engine/Content/MobileResources/HUD/MobileHUDButton2_off.uasset" 181
"../../../Engine/Content/MobileResources/HUD/MobileHUDButton2_on.uasset" 182
"../../../Engine/Content/MobileResources/HUD/MobileHUDButton3.uasset" 183
"../../../Engine/Content/MobileResources/HUD/MobileHUDButtonFire.uasset" 184
"../../../Engine/Content/MobileResources/HUD/MobileHUDDirectionPad.uasset" 185
"../../../Engine/Content/MobileResources/HUD/MobileHUDDirectionPad2.uasset" 186
"../../../Engine/Content/MobileResources/HUD/MobileHUDDirectionPad3.uasset" 187
"../../../Engine/Content/MobileResources/HUD/MobileHUDDirectionStick.uasset" 188
"../../../Engine/Content/MobileResources/HUD/T_Castle_ThumbstickInner.uasset" 189
"../../../Engine/Content/MobileResources/HUD/T_Castle_ThumbstickOutter.uasset" 190
"../../../Engine/Content/Tutorial/ContentIntroCurve.uasset" 191
"../../../Engine/Content/Tutorial/Basics/LevelEditorAttract.uasset" 192
"../../../Engine/Content/Tutorial/Basics/TutorialAssets/icon_tab_Levels_40x.uasset" 193
"../../../Engine/Content/Tutorial/Basics/LevelEditorOverview.uasset" 194
"../../../Engine/Content/Tutorial/BlueprintTutorials/TutorialAssets/Blueprint_64x.uasset" 195
"../../../Engine/Content/Tutorial/BlueprintTutorials/BlueprintEditorTutorial.uasset" 196
"../../../Engine/Content/Tutorial/BlueprintTutorials/LevelBlueprintEditorOverview.uasset" 197
"../../../Engine/Content/VREditor/TransformGizmo/TranslucentTransformGizmoMaterial.uasset" 198
"../../../Engine/Content/VREditor/LaserPointer/VR_LaserPower_01.uasset" 199
"../../../Engine/Content/VREditor/TransformGizmo/TransformGizmoMaterial.uasset" 200
"../../../Engine/Content/VREditor/TransformGizmo/BoundingBoxCorner.uasset" 201
"../../../Engine/Content/VREditor/TransformGizmo/BoundingBoxEdge.uasset" 202
"../../../Engine/Content/VREditor/TransformGizmo/PlaneTranslationHandle.uasset" 203
"../../../Engine/Content/VREditor/TransformGizmo/Xray.uasset" 204
"../../../Engine/Content/VREditor/TransformGizmo/Main.uasset" 205
"../../../Engine/Content/VREditor/TransformGizmo/SM_Sequencer_Key.uasset" 206
"../../../Engine/Content/VREditor/TransformGizmo/SM_Sequencer_Node.uasset" 207
"../../Plugins/2D/Paper2D/Content/PlaceholderTextures/DummySpriteTexture.uasset" 208
"../../Plugins/2D/Paper2D/Content/DummySprite.uasset" 209
"../../Plugins/2D/Paper2D/Content/DefaultPaperTerrainMaterial.uasset" 210
"../../Plugins/2D/Paper2D/Content/DefaultSpriteMaterial.uasset" 211
"../../Plugins/2D/Paper2D/Content/MaskedUnlitSpriteMaterial.uasset" 212
"../../Plugins/2D/Paper2D/Content/OpaqueUnlitSpriteMaterial.uasset" 213
"../../../Engine/Content/BasicShapes/Cylinder.uasset" 214
"../../../Engine/Content/ArtTools/RenderToTexture/Materials/Debug/M_Emissive_Color.uasset" 215
"../../Plugins/Lumin/MagicLeapPassableWorld/Content/MagicLeapARPinInfoActor.uasset" 216
"../../../Engine/Content/Functions/Engine_MaterialFunctions02/Utility/BreakOutFloat3Components.uasset" 217
"../../Plugins/Editor/SpeedTreeImporter/Content/SpeedTree9/UnpackInteger3.uasset" 218
"../../Plugins/Editor/SpeedTreeImporter/Content/SpeedTree9/UnpackDirection.uasset" 219
"../../Plugins/Editor/SpeedTreeImporter/Content/SpeedTree9/game_wind_noise.uasset" 220
"../../../Engine/Content/Functions/Engine_MaterialFunctions02/SafeNormalize.uasset" 221
"../../Plugins/Editor/SpeedTreeImporter/Content/SpeedTree9/SpeedTreeWindMotion.uasset" 222
"../../Plugins/Editor/SpeedTreeImporter/Content/SpeedTree9/SpeedTreeBranchMotion.uasset" 223
"../../../Engine/Content/Functions/Engine_MaterialFunctions02/ObjectLocalBounds.uasset" 224
"../../../Engine/Content/Functions/Engine_MaterialFunctions02/UVs/BoundingBoxBased_0-1_UVW.uasset" 225
"../../Plugins/Editor/SpeedTreeImporter/Content/SpeedTree9/SpeedTreeWind.uasset" 226
"../../Plugins/Editor/SpeedTreeImporter/Content/SpeedTree9/SpeedTreeBillboard.uasset" 227
"../../../Engine/Content/EngineResources/DefaultTexture.uasset" 228
"../../Plugins/Editor/SpeedTreeImporter/Content/SpeedTree9/SpeedTreeBillboardMaster.uasset" 229
"../../Plugins/Editor/SpeedTreeImporter/Content/SpeedTree9/SpeedTreeCameraFacing.uasset" 230
"../../Plugins/Editor/SpeedTreeImporter/Content/SpeedTree9/SpeedTreeMaster.uasset" 231
"../../../Engine/Content/Functions/Engine_MaterialFunctions02/Utility/BreakOutFloat4Components.uasset" 232
"../../../Engine/Content/Functions/Engine_MaterialFunctions02/Utility/MakeFloat3.uasset" 233
"../../Plugins/Runtime/Oculus/OculusVR/Content/Materials/OculusMR_ChromaKey.uasset" 234
"../../Plugins/Runtime/Oculus/OculusVR/Content/Materials/OculusMR_OpaqueColoredMaterial.uasset" 235
"../../Plugins/Runtime/Oculus/OculusVR/Content/Materials/PokeAHoleMaterial.uasset" 236
"../../../Engine/Content/EngineSky/T_Sky_Stars.uasset" 237
"../../../Engine/Content/EngineSky/T_Sky_Blue.uasset" 238
"../../../Engine/Content/EngineSky/T_Sky_Clouds_M.uasset" 239
"../../../Engine/Content/EngineSky/M_Sky_Panning_Clouds2.uasset" 240
"../../../Engine/Content/EngineSky/SM_SkySphere.uasset" 241
"../../../Engine/Content/EngineSky/C_Sky_Zenith_Color.uasset" 242
"../../../Engine/Content/EngineSky/C_Sky_Horizon_Color.uasset" 243
"../../../Engine/Content/EngineSky/C_Sky_Cloud_Color.uasset" 244
"../../../Engine/Content/EditorBlueprintResources/StandardMacros.uasset" 245
"../../../Engine/Content/EngineSky/BP_Sky_Sphere.uasset" 246
"../../../../../Unreal project/Grid_Test/Content/Blueprints/MainGameHud.uasset" 247
"../../../../../Unreal project/Grid_Test/Content/Blueprints/MainGame.uasset" 248
"../../../../../Unreal project/Grid_Test/Content/Levels/Main_level.umap" 249
"../../../../../Unreal project/Grid_Test/Content/Blueprints/Main_Menu.uasset" 250
"../../../../../Unreal project/Grid_Test/Content/Levels/Main_Menu.umap" 251
